<?xml version="1.0"?>
<!DOCTYPE coverage SYSTEM "http://cobertura.sourceforge.net/xml/coverage-04.dtd">

<coverage line-rate="0.3735632183908046" branch-rate="0.21286031042128603" lines-covered="585" lines-valid="1566" branches-covered="96" branches-valid="451" complexity="0.0" version="2.1.1" timestamp="1470890804327">
	<sources>
		<source>C:/Users/andres/git/PacmanTest/MyPacman</source>
	</sources>
	<packages>
		<package name="gameActions" line-rate="0.75" branch-rate="1.0" complexity="0.0">
			<classes>
				<class name="gameActions.GameAction" filename="gameActions/GameAction.java" line-rate="0.5" branch-rate="1.0" complexity="0.0">
					<methods>
						<method name="&lt;init&gt;" signature="()V" line-rate="1.0" branch-rate="1.0" complexity="0">
							<lines>
								<line number="14" hits="135" branch="false"/>
							</lines>
						</method>
						<method name="doAction" signature="(LgameController/GameController;)V" line-rate="0.0" branch-rate="1.0" complexity="0">
							<lines>
								<line number="22" hits="0" branch="false"/>
								<line number="24" hits="0" branch="false"/>
							</lines>
						</method>
						<method name="equals" signature="(Ljava/lang/Object;)Z" line-rate="1.0" branch-rate="1.0" complexity="0">
							<lines>
								<line number="18" hits="33" branch="false"/>
							</lines>
						</method>
					</methods>
					<lines>
						<line number="14" hits="135" branch="false"/>
						<line number="18" hits="33" branch="false"/>
						<line number="22" hits="0" branch="false"/>
						<line number="24" hits="0" branch="false"/>
					</lines>
				</class>
				<class name="gameActions.GameActionDown" filename="gameActions/GameActionDown.java" line-rate="1.0" branch-rate="1.0" complexity="0.0">
					<methods>
						<method name="&lt;init&gt;" signature="()V" line-rate="1.0" branch-rate="1.0" complexity="0">
							<lines>
								<line number="9" hits="33" branch="false"/>
							</lines>
						</method>
					</methods>
					<lines>
						<line number="9" hits="33" branch="false"/>
					</lines>
				</class>
				<class name="gameActions.GameActionLeft" filename="gameActions/GameActionLeft.java" line-rate="1.0" branch-rate="1.0" complexity="0.0">
					<methods>
						<method name="&lt;init&gt;" signature="()V" line-rate="1.0" branch-rate="1.0" complexity="0">
							<lines>
								<line number="9" hits="36" branch="false"/>
							</lines>
						</method>
					</methods>
					<lines>
						<line number="9" hits="36" branch="false"/>
					</lines>
				</class>
				<class name="gameActions.GameActionRight" filename="gameActions/GameActionRight.java" line-rate="1.0" branch-rate="1.0" complexity="0.0">
					<methods>
						<method name="&lt;init&gt;" signature="()V" line-rate="1.0" branch-rate="1.0" complexity="0">
							<lines>
								<line number="9" hits="33" branch="false"/>
							</lines>
						</method>
					</methods>
					<lines>
						<line number="9" hits="33" branch="false"/>
					</lines>
				</class>
				<class name="gameActions.GameActionUp" filename="gameActions/GameActionUp.java" line-rate="1.0" branch-rate="1.0" complexity="0.0">
					<methods>
						<method name="&lt;init&gt;" signature="()V" line-rate="1.0" branch-rate="1.0" complexity="0">
							<lines>
								<line number="9" hits="33" branch="false"/>
							</lines>
						</method>
					</methods>
					<lines>
						<line number="9" hits="33" branch="false"/>
					</lines>
				</class>
			</classes>
		</package>
		<package name="gameAgentsPacman" line-rate="0.43859649122807015" branch-rate="0.0" complexity="0.0">
			<classes>
				<class name="gameAgentsPacman.GameAgent" filename="gameAgentsPacman/GameAgent.java" line-rate="0.4827586206896552" branch-rate="0.0" complexity="0.0">
					<methods>
						<method name="&lt;init&gt;" signature="(LgameCore/GameInstance;)V" line-rate="1.0" branch-rate="1.0" complexity="0">
							<lines>
								<line number="26" hits="60" branch="false"/>
								<line number="31" hits="60" branch="false"/>
								<line number="32" hits="60" branch="false"/>
								<line number="42" hits="60" branch="false"/>
								<line number="43" hits="60" branch="false"/>
								<line number="44" hits="60" branch="false"/>
								<line number="45" hits="60" branch="false"/>
								<line number="46" hits="60" branch="false"/>
							</lines>
						</method>
						<method name="activeIntelligence" signature="()V" line-rate="1.0" branch-rate="1.0" complexity="0">
							<lines>
								<line number="72" hits="30" branch="false"/>
								<line number="73" hits="30" branch="false"/>
							</lines>
						</method>
						<method name="getLastMove" signature="()LgameActions/GameAction;" line-rate="0.0" branch-rate="1.0" complexity="0">
							<lines>
								<line number="120" hits="0" branch="false"/>
							</lines>
						</method>
						<method name="getMaxBeh" signature="()Z" line-rate="0.0" branch-rate="1.0" complexity="0">
							<lines>
								<line number="89" hits="0" branch="false"/>
							</lines>
						</method>
						<method name="getStartCord" signature="()Lutils/Tuple;" line-rate="0.0" branch-rate="1.0" complexity="0">
							<lines>
								<line number="143" hits="0" branch="false"/>
							</lines>
						</method>
						<method name="isIntelligent" signature="()Z" line-rate="0.0" branch-rate="1.0" complexity="0">
							<lines>
								<line number="80" hits="0" branch="false"/>
							</lines>
						</method>
						<method name="setBehavior" signature="(LgameBehaviours/AgentBehaviour;)V" line-rate="1.0" branch-rate="1.0" complexity="0">
							<lines>
								<line number="62" hits="30" branch="false"/>
								<line number="63" hits="30" branch="false"/>
							</lines>
						</method>
						<method name="setController" signature="(LgameController/GameController;)V" line-rate="0.0" branch-rate="1.0" complexity="0">
							<lines>
								<line number="54" hits="0" branch="false"/>
								<line number="55" hits="0" branch="false"/>
							</lines>
						</method>
						<method name="setStartCord" signature="(Lutils/Tuple;)V" line-rate="1.0" branch-rate="1.0" complexity="0">
							<lines>
								<line number="135" hits="60" branch="false"/>
								<line number="137" hits="60" branch="false"/>
							</lines>
						</method>
						<method name="thinkNextMove" signature="()LgameActions/GameAction;" line-rate="0.0" branch-rate="0.0" complexity="0">
							<lines>
								<line number="101" hits="0" branch="false"/>
								<line number="102" hits="0" branch="false"/>
								<line number="105" hits="0" branch="true" condition-coverage="0% (0/2)">
									<conditions>
										<condition number="0" type="jump" coverage="0%"/>
									</conditions>
								</line>
								<line number="106" hits="0" branch="false"/>
								<line number="107" hits="0" branch="false"/>
								<line number="108" hits="0" branch="false"/>
								<line number="109" hits="0" branch="false"/>
								<line number="110" hits="0" branch="false"/>
								<line number="112" hits="0" branch="false"/>
							</lines>
						</method>
					</methods>
					<lines>
						<line number="26" hits="60" branch="false"/>
						<line number="31" hits="60" branch="false"/>
						<line number="32" hits="60" branch="false"/>
						<line number="42" hits="60" branch="false"/>
						<line number="43" hits="60" branch="false"/>
						<line number="44" hits="60" branch="false"/>
						<line number="45" hits="60" branch="false"/>
						<line number="46" hits="60" branch="false"/>
						<line number="54" hits="0" branch="false"/>
						<line number="55" hits="0" branch="false"/>
						<line number="62" hits="30" branch="false"/>
						<line number="63" hits="30" branch="false"/>
						<line number="72" hits="30" branch="false"/>
						<line number="73" hits="30" branch="false"/>
						<line number="80" hits="0" branch="false"/>
						<line number="89" hits="0" branch="false"/>
						<line number="101" hits="0" branch="false"/>
						<line number="102" hits="0" branch="false"/>
						<line number="105" hits="0" branch="true" condition-coverage="0% (0/2)">
							<conditions>
								<condition number="0" type="jump" coverage="0%"/>
							</conditions>
						</line>
						<line number="106" hits="0" branch="false"/>
						<line number="107" hits="0" branch="false"/>
						<line number="108" hits="0" branch="false"/>
						<line number="109" hits="0" branch="false"/>
						<line number="110" hits="0" branch="false"/>
						<line number="112" hits="0" branch="false"/>
						<line number="120" hits="0" branch="false"/>
						<line number="135" hits="60" branch="false"/>
						<line number="137" hits="60" branch="false"/>
						<line number="143" hits="0" branch="false"/>
					</lines>
				</class>
				<class name="gameAgentsPacman.GameAgentGhost" filename="gameAgentsPacman/GameAgentGhost.java" line-rate="0.375" branch-rate="1.0" complexity="0.0">
					<methods>
						<method name="&lt;init&gt;" signature="(LgameCore/GameInstance;I)V" line-rate="1.0" branch-rate="1.0" complexity="0">
							<lines>
								<line number="45" hits="30" branch="false"/>
								<line number="46" hits="30" branch="false"/>
								<line number="48" hits="30" branch="false"/>
							</lines>
						</method>
						<method name="accept" signature="(LgameElementsPacman/VisitorForBlocks;Ljavax/swing/JLabel;)V" line-rate="0.0" branch-rate="1.0" complexity="0">
							<lines>
								<line number="35" hits="0" branch="false"/>
								<line number="37" hits="0" branch="false"/>
							</lines>
						</method>
						<method name="getType" signature="()I" line-rate="0.0" branch-rate="1.0" complexity="0">
							<lines>
								<line number="61" hits="0" branch="false"/>
							</lines>
						</method>
						<method name="react" signature="()V" line-rate="0.0" branch-rate="1.0" complexity="0">
							<lines>
								<line number="55" hits="0" branch="false"/>
							</lines>
						</method>
						<method name="toString" signature="()Ljava/lang/String;" line-rate="0.0" branch-rate="1.0" complexity="0">
							<lines>
								<line number="69" hits="0" branch="false"/>
							</lines>
						</method>
					</methods>
					<lines>
						<line number="35" hits="0" branch="false"/>
						<line number="37" hits="0" branch="false"/>
						<line number="45" hits="30" branch="false"/>
						<line number="46" hits="30" branch="false"/>
						<line number="48" hits="30" branch="false"/>
						<line number="55" hits="0" branch="false"/>
						<line number="61" hits="0" branch="false"/>
						<line number="69" hits="0" branch="false"/>
					</lines>
				</class>
				<class name="gameAgentsPacman.GameAgentPacman" filename="gameAgentsPacman/GameAgentPacman.java" line-rate="0.4" branch-rate="0.0" complexity="0.0">
					<methods>
						<method name="&lt;init&gt;" signature="(LgameCore/GameInstance;)V" line-rate="1.0" branch-rate="1.0" complexity="0">
							<lines>
								<line number="46" hits="30" branch="false"/>
								<line number="47" hits="30" branch="false"/>
								<line number="48" hits="30" branch="false"/>
								<line number="49" hits="30" branch="false"/>
								<line number="50" hits="30" branch="false"/>
								<line number="52" hits="30" branch="false"/>
							</lines>
						</method>
						<method name="accept" signature="(LgameElementsPacman/VisitorForBlocks;Ljavax/swing/JLabel;)V" line-rate="0.0" branch-rate="1.0" complexity="0">
							<lines>
								<line number="34" hits="0" branch="false"/>
								<line number="36" hits="0" branch="false"/>
							</lines>
						</method>
						<method name="handleGameEventPacmanEatDot" signature="(LgameCore/GameInstance;)V" line-rate="1.0" branch-rate="1.0" complexity="0">
							<lines>
								<line number="100" hits="3" branch="false"/>
								<line number="102" hits="3" branch="false"/>
							</lines>
						</method>
						<method name="react" signature="()V" line-rate="0.0" branch-rate="0.0" complexity="0">
							<lines>
								<line number="66" hits="0" branch="false"/>
								<line number="68" hits="0" branch="true" condition-coverage="0% (0/2)">
									<conditions>
										<condition number="0" type="jump" coverage="0%"/>
									</conditions>
								</line>
								<line number="70" hits="0" branch="true" condition-coverage="0% (0/2)">
									<conditions>
										<condition number="0" type="jump" coverage="0%"/>
									</conditions>
								</line>
								<line number="71" hits="0" branch="false"/>
								<line number="74" hits="0" branch="true" condition-coverage="0% (0/2)">
									<conditions>
										<condition number="0" type="jump" coverage="0%"/>
									</conditions>
								</line>
								<line number="75" hits="0" branch="false"/>
								<line number="76" hits="0" branch="false"/>
								<line number="79" hits="0" branch="false"/>
								<line number="82" hits="0" branch="false"/>
							</lines>
						</method>
						<method name="toString" signature="()Ljava/lang/String;" line-rate="0.0" branch-rate="1.0" complexity="0">
							<lines>
								<line number="89" hits="0" branch="false"/>
							</lines>
						</method>
					</methods>
					<lines>
						<line number="34" hits="0" branch="false"/>
						<line number="36" hits="0" branch="false"/>
						<line number="46" hits="30" branch="false"/>
						<line number="47" hits="30" branch="false"/>
						<line number="48" hits="30" branch="false"/>
						<line number="49" hits="30" branch="false"/>
						<line number="50" hits="30" branch="false"/>
						<line number="52" hits="30" branch="false"/>
						<line number="66" hits="0" branch="false"/>
						<line number="68" hits="0" branch="true" condition-coverage="0% (0/2)">
							<conditions>
								<condition number="0" type="jump" coverage="0%"/>
							</conditions>
						</line>
						<line number="70" hits="0" branch="true" condition-coverage="0% (0/2)">
							<conditions>
								<condition number="0" type="jump" coverage="0%"/>
							</conditions>
						</line>
						<line number="71" hits="0" branch="false"/>
						<line number="74" hits="0" branch="true" condition-coverage="0% (0/2)">
							<conditions>
								<condition number="0" type="jump" coverage="0%"/>
							</conditions>
						</line>
						<line number="75" hits="0" branch="false"/>
						<line number="76" hits="0" branch="false"/>
						<line number="79" hits="0" branch="false"/>
						<line number="82" hits="0" branch="false"/>
						<line number="89" hits="0" branch="false"/>
						<line number="100" hits="3" branch="false"/>
						<line number="102" hits="3" branch="false"/>
					</lines>
				</class>
			</classes>
		</package>
		<package name="gameBehaviours" line-rate="0.14814814814814814" branch-rate="0.0" complexity="0.0">
			<classes>
				<class name="gameBehaviours.AgentBehaviour" filename="gameBehaviours/AgentBehaviour.java" line-rate="1.0" branch-rate="1.0" complexity="0.0">
					<methods>
					</methods>
					<lines>
					</lines>
				</class>
				<class name="gameBehaviours.IntelligentChaseBehaviour" filename="gameBehaviours/IntelligentChaseBehaviour.java" line-rate="0.0" branch-rate="1.0" complexity="0.0">
					<methods>
						<method name="&lt;init&gt;" signature="(LgameCore/GameInstance;LgameAgentsPacman/GameAgent;LgameAgentsPacman/GameAgent;)V" line-rate="0.0" branch-rate="1.0" complexity="0">
							<lines>
								<line number="33" hits="0" branch="false"/>
								<line number="34" hits="0" branch="false"/>
								<line number="35" hits="0" branch="false"/>
								<line number="36" hits="0" branch="false"/>
								<line number="38" hits="0" branch="false"/>
								<line number="39" hits="0" branch="false"/>
							</lines>
						</method>
						<method name="lookBestMove" signature="(LgameCore/GameInstance;LgameAgentsPacman/GameAgent;)LgameActions/GameAction;" line-rate="0.0" branch-rate="1.0" complexity="0">
							<lines>
								<line number="50" hits="0" branch="false"/>
								<line number="52" hits="0" branch="false"/>
							</lines>
						</method>
					</methods>
					<lines>
						<line number="33" hits="0" branch="false"/>
						<line number="34" hits="0" branch="false"/>
						<line number="35" hits="0" branch="false"/>
						<line number="36" hits="0" branch="false"/>
						<line number="38" hits="0" branch="false"/>
						<line number="39" hits="0" branch="false"/>
						<line number="50" hits="0" branch="false"/>
						<line number="52" hits="0" branch="false"/>
					</lines>
				</class>
				<class name="gameBehaviours.NullBehaviour" filename="gameBehaviours/NullBehaviour.java" line-rate="0.5" branch-rate="1.0" complexity="0.0">
					<methods>
						<method name="&lt;init&gt;" signature="()V" line-rate="1.0" branch-rate="1.0" complexity="0">
							<lines>
								<line number="11" hits="60" branch="false"/>
							</lines>
						</method>
						<method name="lookBestMove" signature="(LgameCore/GameInstance;LgameAgentsPacman/GameAgent;)LgameActions/GameAction;" line-rate="0.0" branch-rate="1.0" complexity="0">
							<lines>
								<line number="19" hits="0" branch="false"/>
							</lines>
						</method>
					</methods>
					<lines>
						<line number="11" hits="60" branch="false"/>
						<line number="19" hits="0" branch="false"/>
					</lines>
				</class>
				<class name="gameBehaviours.PlayerBehaviour" filename="gameBehaviours/PlayerBehaviour.java" line-rate="0.75" branch-rate="1.0" complexity="0.0">
					<methods>
						<method name="&lt;init&gt;" signature="(LgameAgentsPacman/GameAgent;)V" line-rate="1.0" branch-rate="1.0" complexity="0">
							<lines>
								<line number="29" hits="30" branch="false"/>
								<line number="30" hits="30" branch="false"/>
								<line number="32" hits="30" branch="false"/>
							</lines>
						</method>
						<method name="lookBestMove" signature="(LgameCore/GameInstance;LgameAgentsPacman/GameAgent;)LgameActions/GameAction;" line-rate="0.0" branch-rate="1.0" complexity="0">
							<lines>
								<line number="39" hits="0" branch="false"/>
							</lines>
						</method>
					</methods>
					<lines>
						<line number="29" hits="30" branch="false"/>
						<line number="30" hits="30" branch="false"/>
						<line number="32" hits="30" branch="false"/>
						<line number="39" hits="0" branch="false"/>
					</lines>
				</class>
				<class name="gameBehaviours.RandomBehavior" filename="gameBehaviours/RandomBehavior.java" line-rate="0.0" branch-rate="1.0" complexity="0.0">
					<methods>
						<method name="&lt;init&gt;" signature="()V" line-rate="0.0" branch-rate="1.0" complexity="0">
							<lines>
								<line number="15" hits="0" branch="false"/>
							</lines>
						</method>
						<method name="lookBestMove" signature="(LgameCore/GameInstance;LgameAgentsPacman/GameAgent;)LgameActions/GameAction;" line-rate="0.0" branch-rate="1.0" complexity="0">
							<lines>
								<line number="23" hits="0" branch="false"/>
								<line number="24" hits="0" branch="false"/>
								<line number="25" hits="0" branch="false"/>
								<line number="26" hits="0" branch="false"/>
							</lines>
						</method>
					</methods>
					<lines>
						<line number="15" hits="0" branch="false"/>
						<line number="23" hits="0" branch="false"/>
						<line number="24" hits="0" branch="false"/>
						<line number="25" hits="0" branch="false"/>
						<line number="26" hits="0" branch="false"/>
					</lines>
				</class>
				<class name="gameBehaviours.RandomlyStupidChase" filename="gameBehaviours/RandomlyStupidChase.java" line-rate="0.0" branch-rate="0.0" complexity="0.0">
					<methods>
						<method name="&lt;init&gt;" signature="(LgameCore/GameInstance;LgameAgentsPacman/GameAgent;LgameAgentsPacman/GameAgent;)V" line-rate="0.0" branch-rate="1.0" complexity="0">
							<lines>
								<line number="29" hits="0" branch="false"/>
								<line number="31" hits="0" branch="false"/>
								<line number="32" hits="0" branch="false"/>
								<line number="34" hits="0" branch="false"/>
							</lines>
						</method>
						<method name="lookBestMove" signature="(LgameCore/GameInstance;LgameAgentsPacman/GameAgent;)LgameActions/GameAction;" line-rate="0.0" branch-rate="0.0" complexity="0">
							<lines>
								<line number="42" hits="0" branch="false"/>
								<line number="43" hits="0" branch="true" condition-coverage="0% (0/2)">
									<conditions>
										<condition number="0" type="jump" coverage="0%"/>
									</conditions>
								</line>
								<line number="44" hits="0" branch="false"/>
								<line number="47" hits="0" branch="false"/>
							</lines>
						</method>
					</methods>
					<lines>
						<line number="29" hits="0" branch="false"/>
						<line number="31" hits="0" branch="false"/>
						<line number="32" hits="0" branch="false"/>
						<line number="34" hits="0" branch="false"/>
						<line number="42" hits="0" branch="false"/>
						<line number="43" hits="0" branch="true" condition-coverage="0% (0/2)">
							<conditions>
								<condition number="0" type="jump" coverage="0%"/>
							</conditions>
						</line>
						<line number="44" hits="0" branch="false"/>
						<line number="47" hits="0" branch="false"/>
					</lines>
				</class>
			</classes>
		</package>
		<package name="gameController" line-rate="0.16129032258064516" branch-rate="0.0" complexity="0.0">
			<classes>
				<class name="gameController.GameController" filename="gameController/GameController.java" line-rate="1.0" branch-rate="1.0" complexity="0.0">
					<methods>
						<method name="&lt;init&gt;" signature="()V" line-rate="1.0" branch-rate="1.0" complexity="0">
							<lines>
								<line number="15" hits="60" branch="false"/>
							</lines>
						</method>
					</methods>
					<lines>
						<line number="15" hits="60" branch="false"/>
					</lines>
				</class>
				<class name="gameController.StandartGameController" filename="gameController/StandartGameController.java" line-rate="0.13333333333333333" branch-rate="0.0" complexity="0.0">
					<methods>
						<method name="&lt;init&gt;" signature="(LgameCore/GameInstance;LgameAgentsPacman/GameAgent;)V" line-rate="1.0" branch-rate="1.0" complexity="0">
							<lines>
								<line number="30" hits="60" branch="false"/>
								<line number="31" hits="60" branch="false"/>
								<line number="32" hits="60" branch="false"/>
								<line number="34" hits="60" branch="false"/>
							</lines>
						</method>
						<method name="processAction" signature="(LgameActions/GameAction;)V" line-rate="0.0" branch-rate="0.0" complexity="0">
							<lines>
								<line number="41" hits="0" branch="true" condition-coverage="0% (0/2)">
									<conditions>
										<condition number="0" type="jump" coverage="0%"/>
									</conditions>
								</line>
								<line number="42" hits="0" branch="false"/>
								<line number="45" hits="0" branch="true" condition-coverage="0% (0/2)">
									<conditions>
										<condition number="0" type="jump" coverage="0%"/>
									</conditions>
								</line>
								<line number="47" hits="0" branch="false"/>
								<line number="48" hits="0" branch="false"/>
								<line number="49" hits="0" branch="false"/>
								<line number="50" hits="0" branch="false"/>
								<line number="51" hits="0" branch="false"/>
								<line number="52" hits="0" branch="true" condition-coverage="0% (0/2)">
									<conditions>
										<condition number="0" type="jump" coverage="0%"/>
									</conditions>
								</line>
								<line number="54" hits="0" branch="false"/>
								<line number="55" hits="0" branch="false"/>
								<line number="56" hits="0" branch="false"/>
								<line number="57" hits="0" branch="false"/>
								<line number="58" hits="0" branch="false"/>
								<line number="59" hits="0" branch="true" condition-coverage="0% (0/2)">
									<conditions>
										<condition number="0" type="jump" coverage="0%"/>
									</conditions>
								</line>
								<line number="61" hits="0" branch="false"/>
								<line number="62" hits="0" branch="false"/>
								<line number="63" hits="0" branch="false"/>
								<line number="64" hits="0" branch="false"/>
								<line number="65" hits="0" branch="false"/>
								<line number="66" hits="0" branch="true" condition-coverage="0% (0/2)">
									<conditions>
										<condition number="0" type="jump" coverage="0%"/>
									</conditions>
								</line>
								<line number="68" hits="0" branch="false"/>
								<line number="69" hits="0" branch="false"/>
								<line number="70" hits="0" branch="false"/>
								<line number="71" hits="0" branch="false"/>
								<line number="74" hits="0" branch="false"/>
							</lines>
						</method>
					</methods>
					<lines>
						<line number="30" hits="60" branch="false"/>
						<line number="31" hits="60" branch="false"/>
						<line number="32" hits="60" branch="false"/>
						<line number="34" hits="60" branch="false"/>
						<line number="41" hits="0" branch="true" condition-coverage="0% (0/2)">
							<conditions>
								<condition number="0" type="jump" coverage="0%"/>
							</conditions>
						</line>
						<line number="42" hits="0" branch="false"/>
						<line number="45" hits="0" branch="true" condition-coverage="0% (0/2)">
							<conditions>
								<condition number="0" type="jump" coverage="0%"/>
							</conditions>
						</line>
						<line number="47" hits="0" branch="false"/>
						<line number="48" hits="0" branch="false"/>
						<line number="49" hits="0" branch="false"/>
						<line number="50" hits="0" branch="false"/>
						<line number="51" hits="0" branch="false"/>
						<line number="52" hits="0" branch="true" condition-coverage="0% (0/2)">
							<conditions>
								<condition number="0" type="jump" coverage="0%"/>
							</conditions>
						</line>
						<line number="54" hits="0" branch="false"/>
						<line number="55" hits="0" branch="false"/>
						<line number="56" hits="0" branch="false"/>
						<line number="57" hits="0" branch="false"/>
						<line number="58" hits="0" branch="false"/>
						<line number="59" hits="0" branch="true" condition-coverage="0% (0/2)">
							<conditions>
								<condition number="0" type="jump" coverage="0%"/>
							</conditions>
						</line>
						<line number="61" hits="0" branch="false"/>
						<line number="62" hits="0" branch="false"/>
						<line number="63" hits="0" branch="false"/>
						<line number="64" hits="0" branch="false"/>
						<line number="65" hits="0" branch="false"/>
						<line number="66" hits="0" branch="true" condition-coverage="0% (0/2)">
							<conditions>
								<condition number="0" type="jump" coverage="0%"/>
							</conditions>
						</line>
						<line number="68" hits="0" branch="false"/>
						<line number="69" hits="0" branch="false"/>
						<line number="70" hits="0" branch="false"/>
						<line number="71" hits="0" branch="false"/>
						<line number="74" hits="0" branch="false"/>
					</lines>
				</class>
			</classes>
		</package>
		<package name="gameCore" line-rate="0.39501779359430605" branch-rate="0.25" complexity="0.0">
			<classes>
				<class name="gameCore.GameFactory" filename="gameCore/GameFactory.java" line-rate="0.0" branch-rate="0.0" complexity="0.0">
					<methods>
						<method name="&lt;init&gt;" signature="()V" line-rate="0.0" branch-rate="1.0" complexity="0">
							<lines>
								<line number="11" hits="0" branch="false"/>
							</lines>
						</method>
						<method name="createGame" signature="(Ljava/lang/String;ZLjava/lang/String;Ljava/lang/String;)V" line-rate="0.0" branch-rate="0.0" complexity="0">
							<lines>
								<line number="23" hits="0" branch="false"/>
								<line number="24" hits="0" branch="true" condition-coverage="0% (0/2)">
									<conditions>
										<condition number="0" type="jump" coverage="0%"/>
									</conditions>
								</line>
								<line number="25" hits="0" branch="false"/>
								<line number="28" hits="0" branch="false"/>
								<line number="32" hits="0" branch="false"/>
							</lines>
						</method>
						<method name="main" signature="([Ljava/lang/String;)V" line-rate="0.0" branch-rate="0.0" complexity="0">
							<lines>
								<line number="36" hits="0" branch="false"/>
								<line number="39" hits="0" branch="true" condition-coverage="0% (0/2)">
									<conditions>
										<condition number="0" type="jump" coverage="0%"/>
									</conditions>
								</line>
								<line number="40" hits="0" branch="false"/>
								<line number="43" hits="0" branch="true" condition-coverage="0% (0/2)">
									<conditions>
										<condition number="0" type="jump" coverage="0%"/>
									</conditions>
								</line>
								<line number="44" hits="0" branch="false"/>
								<line number="45" hits="0" branch="false"/>
								<line number="49" hits="0" branch="false"/>
								<line number="50" hits="0" branch="false"/>
								<line number="52" hits="0" branch="false"/>
								<line number="60" hits="0" branch="false"/>
							</lines>
						</method>
					</methods>
					<lines>
						<line number="11" hits="0" branch="false"/>
						<line number="23" hits="0" branch="false"/>
						<line number="24" hits="0" branch="true" condition-coverage="0% (0/2)">
							<conditions>
								<condition number="0" type="jump" coverage="0%"/>
							</conditions>
						</line>
						<line number="25" hits="0" branch="false"/>
						<line number="28" hits="0" branch="false"/>
						<line number="32" hits="0" branch="false"/>
						<line number="36" hits="0" branch="false"/>
						<line number="39" hits="0" branch="true" condition-coverage="0% (0/2)">
							<conditions>
								<condition number="0" type="jump" coverage="0%"/>
							</conditions>
						</line>
						<line number="40" hits="0" branch="false"/>
						<line number="43" hits="0" branch="true" condition-coverage="0% (0/2)">
							<conditions>
								<condition number="0" type="jump" coverage="0%"/>
							</conditions>
						</line>
						<line number="44" hits="0" branch="false"/>
						<line number="45" hits="0" branch="false"/>
						<line number="49" hits="0" branch="false"/>
						<line number="50" hits="0" branch="false"/>
						<line number="52" hits="0" branch="false"/>
						<line number="60" hits="0" branch="false"/>
					</lines>
				</class>
				<class name="gameCore.GameInstance" filename="gameCore/GameInstance.java" line-rate="0.6857142857142857" branch-rate="0.425" complexity="0.0">
					<methods>
						<method name="&lt;init&gt;" signature="(II)V" line-rate="1.0" branch-rate="1.0" complexity="0">
							<lines>
								<line number="46" hits="30" branch="false"/>
								<line number="59" hits="30" branch="false"/>
								<line number="60" hits="30" branch="false"/>
								<line number="62" hits="30" branch="false"/>
								<line number="63" hits="30" branch="false"/>
								<line number="64" hits="30" branch="false"/>
								<line number="66" hits="30" branch="false"/>
								<line number="67" hits="30" branch="false"/>
								<line number="68" hits="30" branch="false"/>
								<line number="69" hits="30" branch="false"/>
								<line number="71" hits="30" branch="false"/>
								<line number="73" hits="30" branch="false"/>
								<line number="74" hits="30" branch="false"/>
								<line number="75" hits="90" branch="true" condition-coverage="100% (2/2)">
									<conditions>
										<condition number="0" type="jump" coverage="100%"/>
									</conditions>
								</line>
								<line number="76" hits="180" branch="true" condition-coverage="100% (2/2)">
									<conditions>
										<condition number="0" type="jump" coverage="100%"/>
									</conditions>
								</line>
								<line number="77" hits="120" branch="false"/>
								<line number="83" hits="30" branch="false"/>
								<line number="85" hits="30" branch="false"/>
								<line number="86" hits="30" branch="false"/>
								<line number="88" hits="30" branch="false"/>
							</lines>
						</method>
						<method name="addGameAgent" signature="(LgameAgentsPacman/GameAgent;Lutils/Tuple;)V" line-rate="1.0" branch-rate="1.0" complexity="0">
							<lines>
								<line number="266" hits="60" branch="false"/>
								<line number="267" hits="60" branch="false"/>
								<line number="268" hits="60" branch="false"/>
								<line number="270" hits="60" branch="false"/>
							</lines>
						</method>
						<method name="addGameElement" signature="(LgameElementsPacman/GameElement;Lutils/Tuple;)V" line-rate="0.6666666666666666" branch-rate="0.5" complexity="0">
							<lines>
								<line number="277" hits="60" branch="false"/>
								<line number="278" hits="60" branch="true" condition-coverage="50% (1/2)">
									<conditions>
										<condition number="0" type="jump" coverage="50%"/>
									</conditions>
								</line>
								<line number="279" hits="0" branch="false"/>
								<line number="280" hits="0" branch="false"/>
								<line number="282" hits="60" branch="false"/>
								<line number="283" hits="60" branch="false"/>
							</lines>
						</method>
						<method name="eliminateElement" signature="(LgameElementsPacman/GameElement;)V" line-rate="0.6666666666666666" branch-rate="0.6666666666666666" complexity="0">
							<lines>
								<line number="333" hits="3" branch="true" condition-coverage="50% (1/2)">
									<conditions>
										<condition number="0" type="jump" coverage="50%"/>
									</conditions>
								</line>
								<line number="334" hits="0" branch="false"/>
								<line number="337" hits="3" branch="true" condition-coverage="100% (2/2)">
									<conditions>
										<condition number="0" type="jump" coverage="100%"/>
									</conditions>
								</line>
								<line number="338" hits="12" branch="false"/>
								<line number="339" hits="12" branch="true" condition-coverage="50% (1/2)">
									<conditions>
										<condition number="0" type="jump" coverage="50%"/>
									</conditions>
								</line>
								<line number="340" hits="0" branch="false"/>
								<line number="341" hits="0" branch="false"/>
								<line number="344" hits="12" branch="false"/>
								<line number="346" hits="3" branch="false"/>
							</lines>
						</method>
						<method name="eventJustHappend" signature="(LgameEvents/GameEvent;)V" line-rate="1.0" branch-rate="1.0" complexity="0">
							<lines>
								<line number="139" hits="6" branch="false"/>
								<line number="140" hits="6" branch="false"/>
							</lines>
						</method>
						<method name="getActions" signature="()Ljava/util/ArrayList;" line-rate="1.0" branch-rate="1.0" complexity="0">
							<lines>
								<line number="210" hits="3" branch="false"/>
							</lines>
						</method>
						<method name="getAgentIn" signature="(Lutils/Tuple;)Ljava/util/ArrayList;" line-rate="1.0" branch-rate="1.0" complexity="0">
							<lines>
								<line number="191" hits="6" branch="false"/>
							</lines>
						</method>
						<method name="getAgents" signature="()Ljava/util/ArrayList;" line-rate="1.0" branch-rate="1.0" complexity="0">
							<lines>
								<line number="181" hits="3" branch="false"/>
							</lines>
						</method>
						<method name="getLastMove" signature="()LgameActions/GameAction;" line-rate="1.0" branch-rate="1.0" complexity="0">
							<lines>
								<line number="173" hits="3" branch="false"/>
							</lines>
						</method>
						<method name="getPacman" signature="()LgameAgentsPacman/GameAgent;" line-rate="0.0" branch-rate="0.0" complexity="0">
							<lines>
								<line number="378" hits="0" branch="true" condition-coverage="0% (0/2)">
									<conditions>
										<condition number="0" type="jump" coverage="0%"/>
									</conditions>
								</line>
								<line number="379" hits="0" branch="true" condition-coverage="0% (0/2)">
									<conditions>
										<condition number="0" type="jump" coverage="0%"/>
									</conditions>
								</line>
								<line number="380" hits="0" branch="false"/>
								<line number="383" hits="0" branch="false"/>
								<line number="384" hits="0" branch="false"/>
							</lines>
						</method>
						<method name="getTime" signature="()J" line-rate="1.0" branch-rate="1.0" complexity="0">
							<lines>
								<line number="148" hits="30" branch="false"/>
							</lines>
						</method>
						<method name="getTopElement" signature="(Lutils/Tuple;)LgameElementsPacman/GameElement;" line-rate="1.0" branch-rate="1.0" complexity="0">
							<lines>
								<line number="201" hits="6" branch="false"/>
							</lines>
						</method>
						<method name="getXdim" signature="()I" line-rate="1.0" branch-rate="1.0" complexity="0">
							<lines>
								<line number="353" hits="3" branch="false"/>
							</lines>
						</method>
						<method name="getYdim" signature="()I" line-rate="1.0" branch-rate="1.0" complexity="0">
							<lines>
								<line number="360" hits="3" branch="false"/>
							</lines>
						</method>
						<method name="giveCords" signature="(LgameElementsPacman/GameElement;)Lutils/Tuple;" line-rate="0.8" branch-rate="0.75" complexity="0">
							<lines>
								<line number="222" hits="3" branch="true" condition-coverage="50% (1/2)">
									<conditions>
										<condition number="0" type="jump" coverage="50%"/>
									</conditions>
								</line>
								<line number="223" hits="6" branch="true" condition-coverage="100% (2/2)">
									<conditions>
										<condition number="0" type="jump" coverage="100%"/>
									</conditions>
								</line>
								<line number="224" hits="3" branch="false"/>
								<line number="226" hits="3" branch="false"/>
								<line number="227" hits="0" branch="false"/>
							</lines>
						</method>
						<method name="goToStartPos" signature="()V" line-rate="0.0" branch-rate="0.0" complexity="0">
							<lines>
								<line number="251" hits="0" branch="true" condition-coverage="0% (0/2)">
									<conditions>
										<condition number="0" type="jump" coverage="0%"/>
									</conditions>
								</line>
								<line number="252" hits="0" branch="false"/>
								<line number="253" hits="0" branch="false"/>
								<line number="254" hits="0" branch="false"/>
								<line number="256" hits="0" branch="false"/>
								<line number="257" hits="0" branch="false"/>
							</lines>
						</method>
						<method name="isEnded" signature="()Z" line-rate="1.0" branch-rate="1.0" complexity="0">
							<lines>
								<line number="370" hits="6" branch="false"/>
							</lines>
						</method>
						<method name="isPassable" signature="(Lutils/Tuple;)Z" line-rate="0.0" branch-rate="1.0" complexity="0">
							<lines>
								<line number="324" hits="0" branch="false"/>
								<line number="325" hits="0" branch="false"/>
							</lines>
						</method>
						<method name="loseGame" signature="()V" line-rate="1.0" branch-rate="1.0" complexity="0">
							<lines>
								<line number="237" hits="3" branch="false"/>
								<line number="238" hits="3" branch="false"/>
								<line number="239" hits="3" branch="false"/>
							</lines>
						</method>
						<method name="moveElement" signature="(LgameElementsPacman/GameElement;Lutils/Tuple;Lutils/Tuple;)V" line-rate="0.0" branch-rate="0.0" complexity="0">
							<lines>
								<line number="297" hits="0" branch="true" condition-coverage="0% (0/2)">
									<conditions>
										<condition number="0" type="jump" coverage="0%"/>
									</conditions>
								</line>
								<line number="298" hits="0" branch="true" condition-coverage="0% (0/4)">
									<conditions>
										<condition number="0" type="jump" coverage="0%"/>
										<condition number="1" type="jump" coverage="0%"/>
									</conditions>
								</line>
								<line number="299" hits="0" branch="true" condition-coverage="0% (0/4)">
									<conditions>
										<condition number="0" type="jump" coverage="0%"/>
										<condition number="1" type="jump" coverage="0%"/>
									</conditions>
								</line>
								<line number="301" hits="0" branch="false"/>
								<line number="303" hits="0" branch="false"/>
								<line number="305" hits="0" branch="false"/>
								<line number="307" hits="0" branch="true" condition-coverage="0% (0/2)">
									<conditions>
										<condition number="0" type="jump" coverage="0%"/>
									</conditions>
								</line>
								<line number="309" hits="0" branch="false"/>
								<line number="312" hits="0" branch="false"/>
								<line number="313" hits="0" branch="false"/>
								<line number="316" hits="0" branch="false"/>
							</lines>
						</method>
						<method name="setLastMove" signature="(LgameActions/GameAction;)V" line-rate="1.0" branch-rate="1.0" complexity="0">
							<lines>
								<line number="166" hits="3" branch="false"/>
								<line number="167" hits="3" branch="false"/>
							</lines>
						</method>
						<method name="subscribeExternal" signature="(Ljava/util/Observer;LgameEvents/GameEvent;)V" line-rate="0.0" branch-rate="1.0" complexity="0">
							<lines>
								<line number="122" hits="0" branch="false"/>
								<line number="123" hits="0" branch="false"/>
							</lines>
						</method>
						<method name="subscribeMe" signature="(LgameElementsPacman/GameElement;LgameEvents/GameEvent;)V" line-rate="1.0" branch-rate="1.0" complexity="0">
							<lines>
								<line number="131" hits="120" branch="false"/>
								<line number="132" hits="120" branch="false"/>
							</lines>
						</method>
						<method name="toString" signature="()Ljava/lang/String;" line-rate="0.9090909090909091" branch-rate="0.8333333333333334" complexity="0">
							<lines>
								<line number="95" hits="30" branch="false"/>
								<line number="96" hits="30" branch="false"/>
								<line number="97" hits="90" branch="true" condition-coverage="100% (2/2)">
									<conditions>
										<condition number="0" type="jump" coverage="100%"/>
									</conditions>
								</line>
								<line number="98" hits="180" branch="true" condition-coverage="100% (2/2)">
									<conditions>
										<condition number="0" type="jump" coverage="100%"/>
									</conditions>
								</line>
								<line number="99" hits="120" branch="false"/>
								<line number="100" hits="120" branch="false"/>
								<line number="101" hits="120" branch="true" condition-coverage="50% (1/2)">
									<conditions>
										<condition number="0" type="jump" coverage="50%"/>
									</conditions>
								</line>
								<line number="102" hits="120" branch="false"/>
								<line number="105" hits="0" branch="false"/>
								<line number="109" hits="60" branch="false"/>
								<line number="111" hits="30" branch="false"/>
							</lines>
						</method>
						<method name="updateInstance" signature="()V" line-rate="1.0" branch-rate="1.0" complexity="0">
							<lines>
								<line number="157" hits="30" branch="false"/>
								<line number="158" hits="30" branch="false"/>
								<line number="159" hits="30" branch="false"/>
							</lines>
						</method>
						<method name="winGame" signature="()V" line-rate="1.0" branch-rate="1.0" complexity="0">
							<lines>
								<line number="244" hits="3" branch="false"/>
								<line number="245" hits="3" branch="false"/>
								<line number="246" hits="3" branch="false"/>
							</lines>
						</method>
					</methods>
					<lines>
						<line number="46" hits="30" branch="false"/>
						<line number="59" hits="30" branch="false"/>
						<line number="60" hits="30" branch="false"/>
						<line number="62" hits="30" branch="false"/>
						<line number="63" hits="30" branch="false"/>
						<line number="64" hits="30" branch="false"/>
						<line number="66" hits="30" branch="false"/>
						<line number="67" hits="30" branch="false"/>
						<line number="68" hits="30" branch="false"/>
						<line number="69" hits="30" branch="false"/>
						<line number="71" hits="30" branch="false"/>
						<line number="73" hits="30" branch="false"/>
						<line number="74" hits="30" branch="false"/>
						<line number="75" hits="90" branch="true" condition-coverage="100% (2/2)">
							<conditions>
								<condition number="0" type="jump" coverage="100%"/>
							</conditions>
						</line>
						<line number="76" hits="180" branch="true" condition-coverage="100% (2/2)">
							<conditions>
								<condition number="0" type="jump" coverage="100%"/>
							</conditions>
						</line>
						<line number="77" hits="120" branch="false"/>
						<line number="83" hits="30" branch="false"/>
						<line number="85" hits="30" branch="false"/>
						<line number="86" hits="30" branch="false"/>
						<line number="88" hits="30" branch="false"/>
						<line number="95" hits="30" branch="false"/>
						<line number="96" hits="30" branch="false"/>
						<line number="97" hits="90" branch="true" condition-coverage="100% (2/2)">
							<conditions>
								<condition number="0" type="jump" coverage="100%"/>
							</conditions>
						</line>
						<line number="98" hits="180" branch="true" condition-coverage="100% (2/2)">
							<conditions>
								<condition number="0" type="jump" coverage="100%"/>
							</conditions>
						</line>
						<line number="99" hits="120" branch="false"/>
						<line number="100" hits="120" branch="false"/>
						<line number="101" hits="120" branch="true" condition-coverage="50% (1/2)">
							<conditions>
								<condition number="0" type="jump" coverage="50%"/>
							</conditions>
						</line>
						<line number="102" hits="120" branch="false"/>
						<line number="105" hits="0" branch="false"/>
						<line number="109" hits="60" branch="false"/>
						<line number="111" hits="30" branch="false"/>
						<line number="122" hits="0" branch="false"/>
						<line number="123" hits="0" branch="false"/>
						<line number="131" hits="120" branch="false"/>
						<line number="132" hits="120" branch="false"/>
						<line number="139" hits="6" branch="false"/>
						<line number="140" hits="6" branch="false"/>
						<line number="148" hits="30" branch="false"/>
						<line number="157" hits="30" branch="false"/>
						<line number="158" hits="30" branch="false"/>
						<line number="159" hits="30" branch="false"/>
						<line number="166" hits="3" branch="false"/>
						<line number="167" hits="3" branch="false"/>
						<line number="173" hits="3" branch="false"/>
						<line number="181" hits="3" branch="false"/>
						<line number="191" hits="6" branch="false"/>
						<line number="201" hits="6" branch="false"/>
						<line number="210" hits="3" branch="false"/>
						<line number="222" hits="3" branch="true" condition-coverage="50% (1/2)">
							<conditions>
								<condition number="0" type="jump" coverage="50%"/>
							</conditions>
						</line>
						<line number="223" hits="6" branch="true" condition-coverage="100% (2/2)">
							<conditions>
								<condition number="0" type="jump" coverage="100%"/>
							</conditions>
						</line>
						<line number="224" hits="3" branch="false"/>
						<line number="226" hits="3" branch="false"/>
						<line number="227" hits="0" branch="false"/>
						<line number="237" hits="3" branch="false"/>
						<line number="238" hits="3" branch="false"/>
						<line number="239" hits="3" branch="false"/>
						<line number="244" hits="3" branch="false"/>
						<line number="245" hits="3" branch="false"/>
						<line number="246" hits="3" branch="false"/>
						<line number="251" hits="0" branch="true" condition-coverage="0% (0/2)">
							<conditions>
								<condition number="0" type="jump" coverage="0%"/>
							</conditions>
						</line>
						<line number="252" hits="0" branch="false"/>
						<line number="253" hits="0" branch="false"/>
						<line number="254" hits="0" branch="false"/>
						<line number="256" hits="0" branch="false"/>
						<line number="257" hits="0" branch="false"/>
						<line number="266" hits="60" branch="false"/>
						<line number="267" hits="60" branch="false"/>
						<line number="268" hits="60" branch="false"/>
						<line number="270" hits="60" branch="false"/>
						<line number="277" hits="60" branch="false"/>
						<line number="278" hits="60" branch="true" condition-coverage="50% (1/2)">
							<conditions>
								<condition number="0" type="jump" coverage="50%"/>
							</conditions>
						</line>
						<line number="279" hits="0" branch="false"/>
						<line number="280" hits="0" branch="false"/>
						<line number="282" hits="60" branch="false"/>
						<line number="283" hits="60" branch="false"/>
						<line number="297" hits="0" branch="true" condition-coverage="0% (0/2)">
							<conditions>
								<condition number="0" type="jump" coverage="0%"/>
							</conditions>
						</line>
						<line number="298" hits="0" branch="true" condition-coverage="0% (0/4)">
							<conditions>
								<condition number="0" type="jump" coverage="0%"/>
								<condition number="1" type="jump" coverage="0%"/>
							</conditions>
						</line>
						<line number="299" hits="0" branch="true" condition-coverage="0% (0/4)">
							<conditions>
								<condition number="0" type="jump" coverage="0%"/>
								<condition number="1" type="jump" coverage="0%"/>
							</conditions>
						</line>
						<line number="301" hits="0" branch="false"/>
						<line number="303" hits="0" branch="false"/>
						<line number="305" hits="0" branch="false"/>
						<line number="307" hits="0" branch="true" condition-coverage="0% (0/2)">
							<conditions>
								<condition number="0" type="jump" coverage="0%"/>
							</conditions>
						</line>
						<line number="309" hits="0" branch="false"/>
						<line number="312" hits="0" branch="false"/>
						<line number="313" hits="0" branch="false"/>
						<line number="316" hits="0" branch="false"/>
						<line number="324" hits="0" branch="false"/>
						<line number="325" hits="0" branch="false"/>
						<line number="333" hits="3" branch="true" condition-coverage="50% (1/2)">
							<conditions>
								<condition number="0" type="jump" coverage="50%"/>
							</conditions>
						</line>
						<line number="334" hits="0" branch="false"/>
						<line number="337" hits="3" branch="true" condition-coverage="100% (2/2)">
							<conditions>
								<condition number="0" type="jump" coverage="100%"/>
							</conditions>
						</line>
						<line number="338" hits="12" branch="false"/>
						<line number="339" hits="12" branch="true" condition-coverage="50% (1/2)">
							<conditions>
								<condition number="0" type="jump" coverage="50%"/>
							</conditions>
						</line>
						<line number="340" hits="0" branch="false"/>
						<line number="341" hits="0" branch="false"/>
						<line number="344" hits="12" branch="false"/>
						<line number="346" hits="3" branch="false"/>
						<line number="353" hits="3" branch="false"/>
						<line number="360" hits="3" branch="false"/>
						<line number="370" hits="6" branch="false"/>
						<line number="378" hits="0" branch="true" condition-coverage="0% (0/2)">
							<conditions>
								<condition number="0" type="jump" coverage="0%"/>
							</conditions>
						</line>
						<line number="379" hits="0" branch="true" condition-coverage="0% (0/2)">
							<conditions>
								<condition number="0" type="jump" coverage="0%"/>
							</conditions>
						</line>
						<line number="380" hits="0" branch="false"/>
						<line number="383" hits="0" branch="false"/>
						<line number="384" hits="0" branch="false"/>
					</lines>
				</class>
				<class name="gameCore.GameNotifier" filename="gameCore/GameNotifier.java" line-rate="0.6551724137931034" branch-rate="0.5833333333333334" complexity="0.0">
					<methods>
						<method name="&lt;init&gt;" signature="()V" line-rate="1.0" branch-rate="1.0" complexity="0">
							<lines>
								<line number="69" hits="30" branch="false"/>
								<line number="70" hits="30" branch="false"/>
								<line number="71" hits="30" branch="false"/>
								<line number="73" hits="30" branch="false"/>
							</lines>
						</method>
						<method name="eventJustHappend" signature="(LgameCore/GameInstance;LgameEvents/GameEvent;)V" line-rate="0.6923076923076923" branch-rate="0.625" complexity="0">
							<lines>
								<line number="114" hits="6" branch="false"/>
								<line number="115" hits="6" branch="false"/>
								<line number="116" hits="6" branch="true" condition-coverage="100% (2/2)">
									<conditions>
										<condition number="0" type="jump" coverage="100%"/>
									</conditions>
								</line>
								<line number="117" hits="3" branch="false"/>
								<line number="120" hits="6" branch="true" condition-coverage="100% (2/2)">
									<conditions>
										<condition number="0" type="jump" coverage="100%"/>
									</conditions>
								</line>
								<line number="121" hits="6" branch="false"/>
								<line number="122" hits="6" branch="false"/>
								<line number="124" hits="6" branch="true" condition-coverage="50% (1/2)">
									<conditions>
										<condition number="0" type="jump" coverage="50%"/>
									</conditions>
								</line>
								<line number="125" hits="6" branch="false"/>
								<line number="128" hits="0" branch="true" condition-coverage="0% (0/2)">
									<conditions>
										<condition number="0" type="jump" coverage="0%"/>
									</conditions>
								</line>
								<line number="129" hits="0" branch="false"/>
								<line number="130" hits="0" branch="false"/>
								<line number="132" hits="0" branch="false"/>
							</lines>
						</method>
						<method name="subscribeElementToEvent" signature="(LgameElementsPacman/GameElement;LgameEvents/GameEvent;)V" line-rate="1.0" branch-rate="1.0" complexity="0">
							<lines>
								<line number="82" hits="120" branch="false"/>
								<line number="84" hits="120" branch="true" condition-coverage="100% (2/2)">
									<conditions>
										<condition number="0" type="jump" coverage="100%"/>
									</conditions>
								</line>
								<line number="85" hits="90" branch="false"/>
								<line number="86" hits="90" branch="false"/>
								<line number="88" hits="120" branch="false"/>
								<line number="90" hits="120" branch="false"/>
							</lines>
						</method>
						<method name="subscribeElementToEvent" signature="(Ljava/util/Observer;LgameEvents/GameEvent;)V" line-rate="0.0" branch-rate="0.0" complexity="0">
							<lines>
								<line number="98" hits="0" branch="false"/>
								<line number="100" hits="0" branch="true" condition-coverage="0% (0/2)">
									<conditions>
										<condition number="0" type="jump" coverage="0%"/>
									</conditions>
								</line>
								<line number="101" hits="0" branch="false"/>
								<line number="102" hits="0" branch="false"/>
								<line number="104" hits="0" branch="false"/>
								<line number="106" hits="0" branch="false"/>
							</lines>
						</method>
					</methods>
					<lines>
						<line number="69" hits="30" branch="false"/>
						<line number="70" hits="30" branch="false"/>
						<line number="71" hits="30" branch="false"/>
						<line number="73" hits="30" branch="false"/>
						<line number="82" hits="120" branch="false"/>
						<line number="84" hits="120" branch="true" condition-coverage="100% (2/2)">
							<conditions>
								<condition number="0" type="jump" coverage="100%"/>
							</conditions>
						</line>
						<line number="85" hits="90" branch="false"/>
						<line number="86" hits="90" branch="false"/>
						<line number="88" hits="120" branch="false"/>
						<line number="90" hits="120" branch="false"/>
						<line number="98" hits="0" branch="false"/>
						<line number="100" hits="0" branch="true" condition-coverage="0% (0/2)">
							<conditions>
								<condition number="0" type="jump" coverage="0%"/>
							</conditions>
						</line>
						<line number="101" hits="0" branch="false"/>
						<line number="102" hits="0" branch="false"/>
						<line number="104" hits="0" branch="false"/>
						<line number="106" hits="0" branch="false"/>
						<line number="114" hits="6" branch="false"/>
						<line number="115" hits="6" branch="false"/>
						<line number="116" hits="6" branch="true" condition-coverage="100% (2/2)">
							<conditions>
								<condition number="0" type="jump" coverage="100%"/>
							</conditions>
						</line>
						<line number="117" hits="3" branch="false"/>
						<line number="120" hits="6" branch="true" condition-coverage="100% (2/2)">
							<conditions>
								<condition number="0" type="jump" coverage="100%"/>
							</conditions>
						</line>
						<line number="121" hits="6" branch="false"/>
						<line number="122" hits="6" branch="false"/>
						<line number="124" hits="6" branch="true" condition-coverage="50% (1/2)">
							<conditions>
								<condition number="0" type="jump" coverage="50%"/>
							</conditions>
						</line>
						<line number="125" hits="6" branch="false"/>
						<line number="128" hits="0" branch="true" condition-coverage="0% (0/2)">
							<conditions>
								<condition number="0" type="jump" coverage="0%"/>
							</conditions>
						</line>
						<line number="129" hits="0" branch="false"/>
						<line number="130" hits="0" branch="false"/>
						<line number="132" hits="0" branch="false"/>
					</lines>
				</class>
				<class name="gameCore.GameTurnManager" filename="gameCore/GameTurnManager.java" line-rate="0.0" branch-rate="0.0" complexity="0.0">
					<methods>
						<method name="&lt;init&gt;" signature="(LgameCore/GameInstance;)V" line-rate="0.0" branch-rate="1.0" complexity="0">
							<lines>
								<line number="31" hits="0" branch="false"/>
								<line number="32" hits="0" branch="false"/>
								<line number="33" hits="0" branch="false"/>
							</lines>
						</method>
						<method name="&lt;init&gt;" signature="(LgameCore/GameInstance;I)V" line-rate="0.0" branch-rate="1.0" complexity="0">
							<lines>
								<line number="23" hits="0" branch="false"/>
								<line number="39" hits="0" branch="false"/>
								<line number="40" hits="0" branch="false"/>
								<line number="41" hits="0" branch="false"/>
								<line number="42" hits="0" branch="false"/>
							</lines>
						</method>
						<method name="end" signature="()V" line-rate="0.0" branch-rate="1.0" complexity="0">
							<lines>
								<line number="88" hits="0" branch="false"/>
								<line number="89" hits="0" branch="false"/>
							</lines>
						</method>
						<method name="run" signature="()V" line-rate="0.0" branch-rate="0.0" complexity="0">
							<lines>
								<line number="50" hits="0" branch="false"/>
								<line number="51" hits="0" branch="true" condition-coverage="0% (0/2)">
									<conditions>
										<condition number="0" type="jump" coverage="0%"/>
									</conditions>
								</line>
								<line number="53" hits="0" branch="true" condition-coverage="0% (0/2)">
									<conditions>
										<condition number="0" type="jump" coverage="0%"/>
									</conditions>
								</line>
								<line number="55" hits="0" branch="false"/>
								<line number="56" hits="0" branch="false"/>
								<line number="60" hits="0" branch="true" condition-coverage="0% (0/2)">
									<conditions>
										<condition number="0" type="jump" coverage="0%"/>
									</conditions>
								</line>
								<line number="62" hits="0" branch="false"/>
								<line number="63" hits="0" branch="false"/>
								<line number="65" hits="0" branch="false"/>
								<line number="67" hits="0" branch="true" condition-coverage="0% (0/2)">
									<conditions>
										<condition number="0" type="jump" coverage="0%"/>
									</conditions>
								</line>
								<line number="68" hits="0" branch="false"/>
								<line number="72" hits="0" branch="false"/>
								<line number="73" hits="0" branch="false"/>
								<line number="74" hits="0" branch="false"/>
								<line number="75" hits="0" branch="false"/>
								<line number="76" hits="0" branch="false"/>
								<line number="77" hits="0" branch="true" condition-coverage="0% (0/4)">
									<conditions>
										<condition number="0" type="jump" coverage="0%"/>
										<condition number="1" type="jump" coverage="0%"/>
									</conditions>
								</line>
								<line number="78" hits="0" branch="false"/>
								<line number="82" hits="0" branch="false"/>
							</lines>
						</method>
					</methods>
					<lines>
						<line number="23" hits="0" branch="false"/>
						<line number="31" hits="0" branch="false"/>
						<line number="32" hits="0" branch="false"/>
						<line number="33" hits="0" branch="false"/>
						<line number="39" hits="0" branch="false"/>
						<line number="40" hits="0" branch="false"/>
						<line number="41" hits="0" branch="false"/>
						<line number="42" hits="0" branch="false"/>
						<line number="50" hits="0" branch="false"/>
						<line number="51" hits="0" branch="true" condition-coverage="0% (0/2)">
							<conditions>
								<condition number="0" type="jump" coverage="0%"/>
							</conditions>
						</line>
						<line number="53" hits="0" branch="true" condition-coverage="0% (0/2)">
							<conditions>
								<condition number="0" type="jump" coverage="0%"/>
							</conditions>
						</line>
						<line number="55" hits="0" branch="false"/>
						<line number="56" hits="0" branch="false"/>
						<line number="60" hits="0" branch="true" condition-coverage="0% (0/2)">
							<conditions>
								<condition number="0" type="jump" coverage="0%"/>
							</conditions>
						</line>
						<line number="62" hits="0" branch="false"/>
						<line number="63" hits="0" branch="false"/>
						<line number="65" hits="0" branch="false"/>
						<line number="67" hits="0" branch="true" condition-coverage="0% (0/2)">
							<conditions>
								<condition number="0" type="jump" coverage="0%"/>
							</conditions>
						</line>
						<line number="68" hits="0" branch="false"/>
						<line number="72" hits="0" branch="false"/>
						<line number="73" hits="0" branch="false"/>
						<line number="74" hits="0" branch="false"/>
						<line number="75" hits="0" branch="false"/>
						<line number="76" hits="0" branch="false"/>
						<line number="77" hits="0" branch="true" condition-coverage="0% (0/4)">
							<conditions>
								<condition number="0" type="jump" coverage="0%"/>
								<condition number="1" type="jump" coverage="0%"/>
							</conditions>
						</line>
						<line number="78" hits="0" branch="false"/>
						<line number="82" hits="0" branch="false"/>
						<line number="88" hits="0" branch="false"/>
						<line number="89" hits="0" branch="false"/>
					</lines>
				</class>
				<class name="gameCore.Implementation" filename="gameCore/Implementation.java" line-rate="0.18181818181818182" branch-rate="0.0" complexity="0.0">
					<methods>
						<method name="&lt;init&gt;" signature="()V" line-rate="1.0" branch-rate="1.0" complexity="0">
							<lines>
								<line number="16" hits="2" branch="false"/>
								<line number="17" hits="2" branch="false"/>
								<line number="22" hits="2" branch="false"/>
								<line number="23" hits="2" branch="false"/>
								<line number="24" hits="2" branch="false"/>
							</lines>
						</method>
						<method name="changeFeel" signature="(Ljava/lang/String;)V" line-rate="0.0" branch-rate="1.0" complexity="0">
							<lines>
								<line number="90" hits="0" branch="false"/>
								<line number="91" hits="0" branch="false"/>
							</lines>
						</method>
						<method name="changeMap" signature="(Ljava/lang/String;)V" line-rate="0.0" branch-rate="1.0" complexity="0">
							<lines>
								<line number="81" hits="0" branch="false"/>
								<line number="82" hits="0" branch="false"/>
								<line number="83" hits="0" branch="false"/>
							</lines>
						</method>
						<method name="finish" signature="()V" line-rate="0.0" branch-rate="0.0" complexity="0">
							<lines>
								<line number="67" hits="0" branch="true" condition-coverage="0% (0/2)">
									<conditions>
										<condition number="0" type="jump" coverage="0%"/>
									</conditions>
								</line>
								<line number="68" hits="0" branch="false"/>
								<line number="70" hits="0" branch="false"/>
								<line number="71" hits="0" branch="false"/>
								<line number="72" hits="0" branch="false"/>
								<line number="73" hits="0" branch="false"/>
								<line number="75" hits="0" branch="false"/>
							</lines>
						</method>
						<method name="startGame" signature="(Ljava/lang/String;Ljava/lang/String;)V" line-rate="0.0" branch-rate="1.0" complexity="0">
							<lines>
								<line number="47" hits="0" branch="false"/>
								<line number="49" hits="0" branch="false"/>
								<line number="51" hits="0" branch="false"/>
								<line number="53" hits="0" branch="false"/>
								<line number="55" hits="0" branch="false"/>
								<line number="56" hits="0" branch="false"/>
								<line number="57" hits="0" branch="false"/>
								<line number="58" hits="0" branch="false"/>
								<line number="59" hits="0" branch="false"/>
								<line number="60" hits="0" branch="false"/>
								<line number="61" hits="0" branch="false"/>
							</lines>
						</method>
						<method name="testMode" signature="(I)V" line-rate="0.2" branch-rate="1.0" complexity="0">
							<lines>
								<line number="33" hits="2" branch="false"/>
								<line number="35" hits="0" branch="false"/>
								<line number="36" hits="0" branch="false"/>
								<line number="37" hits="0" branch="false"/>
								<line number="39" hits="0" branch="false"/>
							</lines>
						</method>
					</methods>
					<lines>
						<line number="16" hits="2" branch="false"/>
						<line number="17" hits="2" branch="false"/>
						<line number="22" hits="2" branch="false"/>
						<line number="23" hits="2" branch="false"/>
						<line number="24" hits="2" branch="false"/>
						<line number="33" hits="2" branch="false"/>
						<line number="35" hits="0" branch="false"/>
						<line number="36" hits="0" branch="false"/>
						<line number="37" hits="0" branch="false"/>
						<line number="39" hits="0" branch="false"/>
						<line number="47" hits="0" branch="false"/>
						<line number="49" hits="0" branch="false"/>
						<line number="51" hits="0" branch="false"/>
						<line number="53" hits="0" branch="false"/>
						<line number="55" hits="0" branch="false"/>
						<line number="56" hits="0" branch="false"/>
						<line number="57" hits="0" branch="false"/>
						<line number="58" hits="0" branch="false"/>
						<line number="59" hits="0" branch="false"/>
						<line number="60" hits="0" branch="false"/>
						<line number="61" hits="0" branch="false"/>
						<line number="67" hits="0" branch="true" condition-coverage="0% (0/2)">
							<conditions>
								<condition number="0" type="jump" coverage="0%"/>
							</conditions>
						</line>
						<line number="68" hits="0" branch="false"/>
						<line number="70" hits="0" branch="false"/>
						<line number="71" hits="0" branch="false"/>
						<line number="72" hits="0" branch="false"/>
						<line number="73" hits="0" branch="false"/>
						<line number="75" hits="0" branch="false"/>
						<line number="81" hits="0" branch="false"/>
						<line number="82" hits="0" branch="false"/>
						<line number="83" hits="0" branch="false"/>
						<line number="90" hits="0" branch="false"/>
						<line number="91" hits="0" branch="false"/>
					</lines>
				</class>
				<class name="gameCore.TextPacmanMapBuilder" filename="gameCore/TextPacmanMapBuilder.java" line-rate="0.2028985507246377" branch-rate="0.03571428571428571" complexity="0.0">
					<methods>
						<method name="&lt;init&gt;" signature="(Ljava/lang/String;Ljava/lang/String;)V" line-rate="0.3888888888888889" branch-rate="0.07142857142857142" complexity="0">
							<lines>
								<line number="32" hits="6" branch="false"/>
								<line number="33" hits="6" branch="false"/>
								<line number="39" hits="6" branch="false"/>
								<line number="40" hits="6" branch="false"/>
								<line number="41" hits="6" branch="false"/>
								<line number="48" hits="6" branch="false"/>
								<line number="49" hits="6" branch="false"/>
								<line number="50" hits="6" branch="false"/>
								<line number="52" hits="6" branch="false"/>
								<line number="53" hits="6" branch="false"/>
								<line number="54" hits="6" branch="false"/>
								<line number="55" hits="0" branch="false"/>
								<line number="57" hits="6" branch="false"/>
								<line number="59" hits="6" branch="true" condition-coverage="50% (1/2)">
									<conditions>
										<condition number="0" type="jump" coverage="50%"/>
									</conditions>
								</line>
								<line number="60" hits="6" branch="false"/>
								<line number="61" hits="0" branch="true" condition-coverage="0% (0/2)">
									<conditions>
										<condition number="0" type="jump" coverage="0%"/>
									</conditions>
								</line>
								<line number="62" hits="0" branch="false"/>
								<line number="64" hits="0" branch="false"/>
								<line number="66" hits="0" branch="false"/>
								<line number="67" hits="0" branch="true" condition-coverage="0% (0/2)">
									<conditions>
										<condition number="0" type="jump" coverage="0%"/>
									</conditions>
								</line>
								<line number="68" hits="0" branch="true" condition-coverage="0% (0/2)">
									<conditions>
										<condition number="0" type="jump" coverage="0%"/>
									</conditions>
								</line>
								<line number="69" hits="0" branch="false"/>
								<line number="71" hits="0" branch="true" condition-coverage="0% (0/2)">
									<conditions>
										<condition number="0" type="jump" coverage="0%"/>
									</conditions>
								</line>
								<line number="72" hits="0" branch="false"/>
								<line number="74" hits="0" branch="true" condition-coverage="0% (0/2)">
									<conditions>
										<condition number="0" type="jump" coverage="0%"/>
									</conditions>
								</line>
								<line number="75" hits="0" branch="false"/>
								<line number="77" hits="0" branch="true" condition-coverage="0% (0/2)">
									<conditions>
										<condition number="0" type="jump" coverage="0%"/>
									</conditions>
								</line>
								<line number="78" hits="0" branch="false"/>
								<line number="81" hits="0" branch="false"/>
								<line number="83" hits="0" branch="false"/>
								<line number="85" hits="0" branch="false"/>
								<line number="86" hits="0" branch="false"/>
								<line number="87" hits="0" branch="false"/>
								<line number="88" hits="0" branch="false"/>
								<line number="91" hits="0" branch="false"/>
								<line number="92" hits="0" branch="false"/>
							</lines>
						</method>
						<method name="createMap" signature="()LgameCore/GameInstance;" line-rate="0.0" branch-rate="1.0" complexity="0">
							<lines>
								<line number="100" hits="0" branch="false"/>
								<line number="101" hits="0" branch="false"/>
								<line number="102" hits="0" branch="false"/>
								<line number="103" hits="0" branch="false"/>
								<line number="104" hits="0" branch="false"/>
							</lines>
						</method>
						<method name="setPCActors" signature="(LgameCore/GameInstance;)LgameCore/GameInstance;" line-rate="0.0" branch-rate="0.0" complexity="0">
							<lines>
								<line number="124" hits="0" branch="false"/>
								<line number="125" hits="0" branch="false"/>
								<line number="127" hits="0" branch="false"/>
								<line number="131" hits="0" branch="true" condition-coverage="0% (0/2)">
									<conditions>
										<condition number="0" type="jump" coverage="0%"/>
									</conditions>
								</line>
								<line number="132" hits="0" branch="false"/>
								<line number="134" hits="0" branch="true" condition-coverage="0% (0/2)">
									<conditions>
										<condition number="0" type="jump" coverage="0%"/>
									</conditions>
								</line>
								<line number="135" hits="0" branch="false"/>
								<line number="137" hits="0" branch="true" condition-coverage="0% (0/2)">
									<conditions>
										<condition number="0" type="jump" coverage="0%"/>
									</conditions>
								</line>
								<line number="138" hits="0" branch="false"/>
								<line number="143" hits="0" branch="true" condition-coverage="0% (0/2)">
									<conditions>
										<condition number="0" type="jump" coverage="0%"/>
									</conditions>
								</line>
								<line number="144" hits="0" branch="false"/>
								<line number="147" hits="0" branch="true" condition-coverage="0% (0/2)">
									<conditions>
										<condition number="0" type="jump" coverage="0%"/>
									</conditions>
								</line>
								<line number="148" hits="0" branch="false"/>
								<line number="151" hits="0" branch="false"/>
								<line number="152" hits="0" branch="false"/>
								<line number="153" hits="0" branch="false"/>
								<line number="155" hits="0" branch="false"/>
							</lines>
						</method>
						<method name="setPacdots" signature="(LgameCore/GameInstance;)LgameCore/GameInstance;" line-rate="0.0" branch-rate="0.0" complexity="0">
							<lines>
								<line number="162" hits="0" branch="true" condition-coverage="0% (0/2)">
									<conditions>
										<condition number="0" type="jump" coverage="0%"/>
									</conditions>
								</line>
								<line number="163" hits="0" branch="false"/>
								<line number="164" hits="0" branch="false"/>
								<line number="165" hits="0" branch="false"/>
								<line number="166" hits="0" branch="false"/>
								<line number="167" hits="0" branch="false"/>
							</lines>
						</method>
						<method name="setWalls" signature="(LgameCore/GameInstance;)LgameCore/GameInstance;" line-rate="0.0" branch-rate="0.0" complexity="0">
							<lines>
								<line number="112" hits="0" branch="true" condition-coverage="0% (0/2)">
									<conditions>
										<condition number="0" type="jump" coverage="0%"/>
									</conditions>
								</line>
								<line number="113" hits="0" branch="false"/>
								<line number="114" hits="0" branch="false"/>
								<line number="115" hits="0" branch="false"/>
								<line number="116" hits="0" branch="false"/>
							</lines>
						</method>
					</methods>
					<lines>
						<line number="32" hits="6" branch="false"/>
						<line number="33" hits="6" branch="false"/>
						<line number="39" hits="6" branch="false"/>
						<line number="40" hits="6" branch="false"/>
						<line number="41" hits="6" branch="false"/>
						<line number="48" hits="6" branch="false"/>
						<line number="49" hits="6" branch="false"/>
						<line number="50" hits="6" branch="false"/>
						<line number="52" hits="6" branch="false"/>
						<line number="53" hits="6" branch="false"/>
						<line number="54" hits="6" branch="false"/>
						<line number="55" hits="0" branch="false"/>
						<line number="57" hits="6" branch="false"/>
						<line number="59" hits="6" branch="true" condition-coverage="50% (1/2)">
							<conditions>
								<condition number="0" type="jump" coverage="50%"/>
							</conditions>
						</line>
						<line number="60" hits="6" branch="false"/>
						<line number="61" hits="0" branch="true" condition-coverage="0% (0/2)">
							<conditions>
								<condition number="0" type="jump" coverage="0%"/>
							</conditions>
						</line>
						<line number="62" hits="0" branch="false"/>
						<line number="64" hits="0" branch="false"/>
						<line number="66" hits="0" branch="false"/>
						<line number="67" hits="0" branch="true" condition-coverage="0% (0/2)">
							<conditions>
								<condition number="0" type="jump" coverage="0%"/>
							</conditions>
						</line>
						<line number="68" hits="0" branch="true" condition-coverage="0% (0/2)">
							<conditions>
								<condition number="0" type="jump" coverage="0%"/>
							</conditions>
						</line>
						<line number="69" hits="0" branch="false"/>
						<line number="71" hits="0" branch="true" condition-coverage="0% (0/2)">
							<conditions>
								<condition number="0" type="jump" coverage="0%"/>
							</conditions>
						</line>
						<line number="72" hits="0" branch="false"/>
						<line number="74" hits="0" branch="true" condition-coverage="0% (0/2)">
							<conditions>
								<condition number="0" type="jump" coverage="0%"/>
							</conditions>
						</line>
						<line number="75" hits="0" branch="false"/>
						<line number="77" hits="0" branch="true" condition-coverage="0% (0/2)">
							<conditions>
								<condition number="0" type="jump" coverage="0%"/>
							</conditions>
						</line>
						<line number="78" hits="0" branch="false"/>
						<line number="81" hits="0" branch="false"/>
						<line number="83" hits="0" branch="false"/>
						<line number="85" hits="0" branch="false"/>
						<line number="86" hits="0" branch="false"/>
						<line number="87" hits="0" branch="false"/>
						<line number="88" hits="0" branch="false"/>
						<line number="91" hits="0" branch="false"/>
						<line number="92" hits="0" branch="false"/>
						<line number="100" hits="0" branch="false"/>
						<line number="101" hits="0" branch="false"/>
						<line number="102" hits="0" branch="false"/>
						<line number="103" hits="0" branch="false"/>
						<line number="104" hits="0" branch="false"/>
						<line number="112" hits="0" branch="true" condition-coverage="0% (0/2)">
							<conditions>
								<condition number="0" type="jump" coverage="0%"/>
							</conditions>
						</line>
						<line number="113" hits="0" branch="false"/>
						<line number="114" hits="0" branch="false"/>
						<line number="115" hits="0" branch="false"/>
						<line number="116" hits="0" branch="false"/>
						<line number="124" hits="0" branch="false"/>
						<line number="125" hits="0" branch="false"/>
						<line number="127" hits="0" branch="false"/>
						<line number="131" hits="0" branch="true" condition-coverage="0% (0/2)">
							<conditions>
								<condition number="0" type="jump" coverage="0%"/>
							</conditions>
						</line>
						<line number="132" hits="0" branch="false"/>
						<line number="134" hits="0" branch="true" condition-coverage="0% (0/2)">
							<conditions>
								<condition number="0" type="jump" coverage="0%"/>
							</conditions>
						</line>
						<line number="135" hits="0" branch="false"/>
						<line number="137" hits="0" branch="true" condition-coverage="0% (0/2)">
							<conditions>
								<condition number="0" type="jump" coverage="0%"/>
							</conditions>
						</line>
						<line number="138" hits="0" branch="false"/>
						<line number="143" hits="0" branch="true" condition-coverage="0% (0/2)">
							<conditions>
								<condition number="0" type="jump" coverage="0%"/>
							</conditions>
						</line>
						<line number="144" hits="0" branch="false"/>
						<line number="147" hits="0" branch="true" condition-coverage="0% (0/2)">
							<conditions>
								<condition number="0" type="jump" coverage="0%"/>
							</conditions>
						</line>
						<line number="148" hits="0" branch="false"/>
						<line number="151" hits="0" branch="false"/>
						<line number="152" hits="0" branch="false"/>
						<line number="153" hits="0" branch="false"/>
						<line number="155" hits="0" branch="false"/>
						<line number="162" hits="0" branch="true" condition-coverage="0% (0/2)">
							<conditions>
								<condition number="0" type="jump" coverage="0%"/>
							</conditions>
						</line>
						<line number="163" hits="0" branch="false"/>
						<line number="164" hits="0" branch="false"/>
						<line number="165" hits="0" branch="false"/>
						<line number="166" hits="0" branch="false"/>
						<line number="167" hits="0" branch="false"/>
					</lines>
				</class>
			</classes>
		</package>
		<package name="gameElementsPacman" line-rate="0.49056603773584906" branch-rate="0.16666666666666666" complexity="0.0">
			<classes>
[...]
							<conditions>
								<condition number="0" type="jump" coverage="100%"/>
							</conditions>
						</line>
						<line number="101" hits="44" branch="false"/>
						<line number="102" hits="44" branch="false"/>
						<line number="104" hits="44" branch="true" condition-coverage="100% (2/2)">
							<conditions>
								<condition number="0" type="jump" coverage="100%"/>
							</conditions>
						</line>
						<line number="105" hits="40" branch="false"/>
						<line number="106" hits="40" branch="false"/>
						<line number="107" hits="44" branch="true" condition-coverage="100% (2/2)">
							<conditions>
								<condition number="0" type="jump" coverage="100%"/>
							</conditions>
						</line>
						<line number="108" hits="16" branch="false"/>
						<line number="109" hits="16" branch="false"/>
						<line number="113" hits="44" branch="false"/>
						<line number="114" hits="4" branch="false"/>
						<line number="115" hits="4" branch="false"/>
						<line number="132" hits="2" branch="false"/>
						<line number="133" hits="2" branch="false"/>
						<line number="134" hits="2" branch="false"/>
						<line number="135" hits="2" branch="false"/>
						<line number="136" hits="2" branch="false"/>
						<line number="137" hits="2" branch="false"/>
						<line number="138" hits="24" branch="true" condition-coverage="100% (2/2)">
							<conditions>
								<condition number="0" type="jump" coverage="100%"/>
							</conditions>
						</line>
						<line number="140" hits="22" branch="false"/>
						<line number="141" hits="22" branch="false"/>
						<line number="143" hits="22" branch="true" condition-coverage="100% (2/2)">
							<conditions>
								<condition number="0" type="jump" coverage="100%"/>
							</conditions>
						</line>
						<line number="144" hits="20" branch="false"/>
						<line number="145" hits="20" branch="false"/>
						<line number="146" hits="22" branch="true" condition-coverage="100% (2/2)">
							<conditions>
								<condition number="0" type="jump" coverage="100%"/>
							</conditions>
						</line>
						<line number="147" hits="8" branch="false"/>
						<line number="148" hits="8" branch="false"/>
						<line number="149" hits="8" branch="false"/>
						<line number="153" hits="22" branch="false"/>
						<line number="154" hits="2" branch="false"/>
						<line number="163" hits="0" branch="false"/>
					</lines>
				</class>
				<class name="utils.MultiTreeTest" filename="utils/MultiTreeTest.java" line-rate="1.0" branch-rate="1.0" complexity="0.0">
					<methods>
						<method name="&lt;init&gt;" signature="()V" line-rate="1.0" branch-rate="1.0" complexity="0">
							<lines>
								<line number="10" hits="6" branch="false"/>
							</lines>
						</method>
						<method name="start" signature="()V" line-rate="1.0" branch-rate="1.0" complexity="0">
							<lines>
								<line number="35" hits="6" branch="false"/>
								<line number="36" hits="6" branch="false"/>
								<line number="37" hits="6" branch="false"/>
								<line number="38" hits="6" branch="false"/>
								<line number="39" hits="6" branch="false"/>
								<line number="40" hits="6" branch="false"/>
								<line number="41" hits="6" branch="false"/>
								<line number="42" hits="6" branch="false"/>
								<line number="43" hits="6" branch="false"/>
								<line number="44" hits="6" branch="false"/>
								<line number="45" hits="6" branch="false"/>
								<line number="46" hits="6" branch="false"/>
								<line number="47" hits="6" branch="false"/>
								<line number="48" hits="6" branch="false"/>
								<line number="50" hits="6" branch="false"/>
								<line number="51" hits="6" branch="false"/>
								<line number="53" hits="6" branch="false"/>
								<line number="54" hits="6" branch="false"/>
								<line number="56" hits="6" branch="false"/>
								<line number="57" hits="6" branch="false"/>
								<line number="59" hits="6" branch="false"/>
								<line number="60" hits="6" branch="false"/>
								<line number="62" hits="6" branch="false"/>
								<line number="64" hits="6" branch="false"/>
								<line number="66" hits="6" branch="false"/>
							</lines>
						</method>
						<method name="testByLevel" signature="()V" line-rate="1.0" branch-rate="1.0" complexity="0">
							<lines>
								<line number="91" hits="2" branch="false"/>
								<line number="93" hits="2" branch="false"/>
								<line number="94" hits="2" branch="false"/>
								<line number="95" hits="2" branch="false"/>
								<line number="96" hits="2" branch="false"/>
								<line number="97" hits="2" branch="false"/>
							</lines>
						</method>
						<method name="testTreeAdd" signature="()V" line-rate="1.0" branch-rate="1.0" complexity="0">
							<lines>
								<line number="82" hits="2" branch="false"/>
								<line number="83" hits="2" branch="false"/>
								<line number="84" hits="2" branch="false"/>
								<line number="85" hits="2" branch="false"/>
								<line number="86" hits="2" branch="false"/>
								<line number="87" hits="2" branch="false"/>
							</lines>
						</method>
						<method name="testTreeSon" signature="()V" line-rate="1.0" branch-rate="1.0" complexity="0">
							<lines>
								<line number="73" hits="2" branch="false"/>
								<line number="74" hits="2" branch="false"/>
								<line number="77" hits="2" branch="false"/>
								<line number="79" hits="2" branch="false"/>
							</lines>
						</method>
					</methods>
					<lines>
						<line number="10" hits="6" branch="false"/>
						<line number="35" hits="6" branch="false"/>
						<line number="36" hits="6" branch="false"/>
						<line number="37" hits="6" branch="false"/>
						<line number="38" hits="6" branch="false"/>
						<line number="39" hits="6" branch="false"/>
						<line number="40" hits="6" branch="false"/>
						<line number="41" hits="6" branch="false"/>
						<line number="42" hits="6" branch="false"/>
						<line number="43" hits="6" branch="false"/>
						<line number="44" hits="6" branch="false"/>
						<line number="45" hits="6" branch="false"/>
						<line number="46" hits="6" branch="false"/>
						<line number="47" hits="6" branch="false"/>
						<line number="48" hits="6" branch="false"/>
						<line number="50" hits="6" branch="false"/>
						<line number="51" hits="6" branch="false"/>
						<line number="53" hits="6" branch="false"/>
						<line number="54" hits="6" branch="false"/>
						<line number="56" hits="6" branch="false"/>
						<line number="57" hits="6" branch="false"/>
						<line number="59" hits="6" branch="false"/>
						<line number="60" hits="6" branch="false"/>
						<line number="62" hits="6" branch="false"/>
						<line number="64" hits="6" branch="false"/>
						<line number="66" hits="6" branch="false"/>
						<line number="73" hits="2" branch="false"/>
						<line number="74" hits="2" branch="false"/>
						<line number="77" hits="2" branch="false"/>
						<line number="79" hits="2" branch="false"/>
						<line number="82" hits="2" branch="false"/>
						<line number="83" hits="2" branch="false"/>
						<line number="84" hits="2" branch="false"/>
						<line number="85" hits="2" branch="false"/>
						<line number="86" hits="2" branch="false"/>
						<line number="87" hits="2" branch="false"/>
						<line number="91" hits="2" branch="false"/>
						<line number="93" hits="2" branch="false"/>
						<line number="94" hits="2" branch="false"/>
						<line number="95" hits="2" branch="false"/>
						<line number="96" hits="2" branch="false"/>
						<line number="97" hits="2" branch="false"/>
					</lines>
				</class>
				<class name="utils.Queue" filename="utils/Queue.java" line-rate="0.6" branch-rate="0.6666666666666666" complexity="0.0">
					<methods>
						<method name="&lt;init&gt;" signature="()V" line-rate="1.0" branch-rate="1.0" complexity="0">
							<lines>
								<line number="12" hits="55" branch="false"/>
								<line number="14" hits="55" branch="false"/>
								<line number="16" hits="55" branch="false"/>
							</lines>
						</method>
						<method name="addItems" signature="(Lutils/Queue;)V" line-rate="1.0" branch-rate="1.0" complexity="0">
							<lines>
								<line number="87" hits="84" branch="true" condition-coverage="100% (2/2)">
									<conditions>
										<condition number="0" type="jump" coverage="100%"/>
									</conditions>
								</line>
								<line number="88" hits="60" branch="false"/>
								<line number="89" hits="24" branch="false"/>
							</lines>
						</method>
						<method name="copy" signature="()Lutils/Queue;" line-rate="0.0" branch-rate="0.0" complexity="0">
							<lines>
								<line number="71" hits="0" branch="false"/>
								<line number="72" hits="0" branch="false"/>
								<line number="73" hits="0" branch="true" condition-coverage="0% (0/2)">
									<conditions>
										<condition number="0" type="jump" coverage="0%"/>
									</conditions>
								</line>
								<line number="74" hits="0" branch="false"/>
								<line number="75" hits="0" branch="false"/>
								<line number="76" hits="0" branch="false"/>
								<line number="77" hits="0" branch="false"/>
							</lines>
						</method>
						<method name="hasItems" signature="()Z" line-rate="1.0" branch-rate="1.0" complexity="0">
							<lines>
								<line number="47" hits="87" branch="true" condition-coverage="100% (2/2)">
									<conditions>
										<condition number="0" type="jump" coverage="100%"/>
									</conditions>
								</line>
							</lines>
						</method>
						<method name="isEmpty" signature="()Z" line-rate="1.0" branch-rate="1.0" complexity="0">
							<lines>
								<line number="55" hits="258" branch="false"/>
							</lines>
						</method>
						<method name="peek" signature="()Ljava/lang/Object;" line-rate="0.0" branch-rate="1.0" complexity="0">
							<lines>
								<line number="39" hits="0" branch="false"/>
							</lines>
						</method>
						<method name="pop" signature="()Ljava/lang/Object;" line-rate="1.0" branch-rate="1.0" complexity="0">
							<lines>
								<line number="31" hits="253" branch="false"/>
							</lines>
						</method>
						<method name="push" signature="(Ljava/lang/Object;)V" line-rate="1.0" branch-rate="1.0" complexity="0">
							<lines>
								<line number="23" hits="211" branch="false"/>
								<line number="24" hits="211" branch="false"/>
							</lines>
						</method>
						<method name="size" signature="()I" line-rate="1.0" branch-rate="1.0" complexity="0">
							<lines>
								<line number="63" hits="6" branch="false"/>
							</lines>
						</method>
					</methods>
					<lines>
						<line number="12" hits="55" branch="false"/>
						<line number="14" hits="55" branch="false"/>
						<line number="16" hits="55" branch="false"/>
						<line number="23" hits="211" branch="false"/>
						<line number="24" hits="211" branch="false"/>
						<line number="31" hits="253" branch="false"/>
						<line number="39" hits="0" branch="false"/>
						<line number="47" hits="87" branch="true" condition-coverage="100% (2/2)">
							<conditions>
								<condition number="0" type="jump" coverage="100%"/>
							</conditions>
						</line>
						<line number="55" hits="258" branch="false"/>
						<line number="63" hits="6" branch="false"/>
						<line number="71" hits="0" branch="false"/>
						<line number="72" hits="0" branch="false"/>
						<line number="73" hits="0" branch="true" condition-coverage="0% (0/2)">
							<conditions>
								<condition number="0" type="jump" coverage="0%"/>
							</conditions>
						</line>
						<line number="74" hits="0" branch="false"/>
						<line number="75" hits="0" branch="false"/>
						<line number="76" hits="0" branch="false"/>
						<line number="77" hits="0" branch="false"/>
						<line number="87" hits="84" branch="true" condition-coverage="100% (2/2)">
							<conditions>
								<condition number="0" type="jump" coverage="100%"/>
							</conditions>
						</line>
						<line number="88" hits="60" branch="false"/>
						<line number="89" hits="24" branch="false"/>
					</lines>
				</class>
				<class name="utils.Tuple" filename="utils/Tuple.java" line-rate="0.6451612903225806" branch-rate="0.5" complexity="0.0">
					<methods>
						<method name="&lt;init&gt;" signature="(Ljava/lang/Object;Ljava/lang/Object;)V" line-rate="1.0" branch-rate="1.0" complexity="0">
							<lines>
								<line number="14" hits="743" branch="false"/>
								<line number="15" hits="743" branch="false"/>
								<line number="16" hits="743" branch="false"/>
								<line number="17" hits="743" branch="false"/>
							</lines>
						</method>
						<method name="copy" signature="()Lutils/Tuple;" line-rate="0.0" branch-rate="1.0" complexity="0">
							<lines>
								<line number="59" hits="0" branch="false"/>
							</lines>
						</method>
						<method name="equals" signature="(Ljava/lang/Object;)Z" line-rate="0.6111111111111112" branch-rate="0.5" complexity="0">
							<lines>
								<line number="36" hits="3171" branch="true" condition-coverage="50% (1/2)">
									<conditions>
										<condition number="0" type="jump" coverage="50%"/>
									</conditions>
								</line>
								<line number="37" hits="0" branch="false"/>
								<line number="38" hits="3171" branch="true" condition-coverage="50% (1/2)">
									<conditions>
										<condition number="0" type="jump" coverage="50%"/>
									</conditions>
								</line>
								<line number="39" hits="0" branch="false"/>
								<line number="40" hits="3171" branch="true" condition-coverage="50% (1/2)">
									<conditions>
										<condition number="0" type="jump" coverage="50%"/>
									</conditions>
								</line>
								<line number="41" hits="0" branch="false"/>
								<line number="42" hits="3171" branch="false"/>
								<line number="43" hits="3171" branch="true" condition-coverage="50% (1/2)">
									<conditions>
										<condition number="0" type="jump" coverage="50%"/>
									</conditions>
								</line>
								<line number="44" hits="0" branch="true" condition-coverage="0% (0/2)">
									<conditions>
										<condition number="0" type="jump" coverage="0%"/>
									</conditions>
								</line>
								<line number="45" hits="0" branch="false"/>
								<line number="46" hits="3171" branch="true" condition-coverage="100% (2/2)">
									<conditions>
										<condition number="0" type="jump" coverage="100%"/>
									</conditions>
								</line>
								<line number="47" hits="2532" branch="false"/>
								<line number="48" hits="639" branch="true" condition-coverage="50% (1/2)">
									<conditions>
										<condition number="0" type="jump" coverage="50%"/>
									</conditions>
								</line>
								<line number="49" hits="0" branch="true" condition-coverage="0% (0/2)">
									<conditions>
										<condition number="0" type="jump" coverage="0%"/>
									</conditions>
								</line>
								<line number="50" hits="0" branch="false"/>
								<line number="51" hits="639" branch="true" condition-coverage="100% (2/2)">
									<conditions>
										<condition number="0" type="jump" coverage="100%"/>
									</conditions>
								</line>
								<line number="52" hits="388" branch="false"/>
								<line number="53" hits="251" branch="false"/>
							</lines>
						</method>
						<method name="getx" signature="()Ljava/lang/Object;" line-rate="0.0" branch-rate="1.0" complexity="0">
							<lines>
								<line number="20" hits="0" branch="false"/>
							</lines>
						</method>
						<method name="gety" signature="()Ljava/lang/Object;" line-rate="0.0" branch-rate="1.0" complexity="0">
							<lines>
								<line number="23" hits="0" branch="false"/>
							</lines>
						</method>
						<method name="hashCode" signature="()I" line-rate="1.0" branch-rate="0.5" complexity="0">
							<lines>
								<line number="27" hits="330" branch="false"/>
								<line number="28" hits="330" branch="false"/>
								<line number="29" hits="330" branch="true" condition-coverage="50% (1/2)">
									<conditions>
										<condition number="0" type="jump" coverage="50%"/>
									</conditions>
								</line>
								<line number="30" hits="330" branch="true" condition-coverage="50% (1/2)">
									<conditions>
										<condition number="0" type="jump" coverage="50%"/>
									</conditions>
								</line>
								<line number="31" hits="330" branch="false"/>
							</lines>
						</method>
						<method name="toString" signature="()Ljava/lang/String;" line-rate="0.0" branch-rate="1.0" complexity="0">
							<lines>
								<line number="56" hits="0" branch="false"/>
							</lines>
						</method>
					</methods>
					<lines>
						<line number="14" hits="743" branch="false"/>
						<line number="15" hits="743" branch="false"/>
						<line number="16" hits="743" branch="false"/>
						<line number="17" hits="743" branch="false"/>
						<line number="20" hits="0" branch="false"/>
						<line number="23" hits="0" branch="false"/>
						<line number="27" hits="330" branch="false"/>
						<line number="28" hits="330" branch="false"/>
						<line number="29" hits="330" branch="true" condition-coverage="50% (1/2)">
							<conditions>
								<condition number="0" type="jump" coverage="50%"/>
							</conditions>
						</line>
						<line number="30" hits="330" branch="true" condition-coverage="50% (1/2)">
							<conditions>
								<condition number="0" type="jump" coverage="50%"/>
							</conditions>
						</line>
						<line number="31" hits="330" branch="false"/>
						<line number="36" hits="3171" branch="true" condition-coverage="50% (1/2)">
							<conditions>
								<condition number="0" type="jump" coverage="50%"/>
							</conditions>
						</line>
						<line number="37" hits="0" branch="false"/>
						<line number="38" hits="3171" branch="true" condition-coverage="50% (1/2)">
							<conditions>
								<condition number="0" type="jump" coverage="50%"/>
							</conditions>
						</line>
						<line number="39" hits="0" branch="false"/>
						<line number="40" hits="3171" branch="true" condition-coverage="50% (1/2)">
							<conditions>
								<condition number="0" type="jump" coverage="50%"/>
							</conditions>
						</line>
						<line number="41" hits="0" branch="false"/>
						<line number="42" hits="3171" branch="false"/>
						<line number="43" hits="3171" branch="true" condition-coverage="50% (1/2)">
							<conditions>
								<condition number="0" type="jump" coverage="50%"/>
							</conditions>
						</line>
						<line number="44" hits="0" branch="true" condition-coverage="0% (0/2)">
							<conditions>
								<condition number="0" type="jump" coverage="0%"/>
							</conditions>
						</line>
						<line number="45" hits="0" branch="false"/>
						<line number="46" hits="3171" branch="true" condition-coverage="100% (2/2)">
							<conditions>
								<condition number="0" type="jump" coverage="100%"/>
							</conditions>
						</line>
						<line number="47" hits="2532" branch="false"/>
						<line number="48" hits="639" branch="true" condition-coverage="50% (1/2)">
							<conditions>
								<condition number="0" type="jump" coverage="50%"/>
							</conditions>
						</line>
						<line number="49" hits="0" branch="true" condition-coverage="0% (0/2)">
							<conditions>
								<condition number="0" type="jump" coverage="0%"/>
							</conditions>
						</line>
						<line number="50" hits="0" branch="false"/>
						<line number="51" hits="639" branch="true" condition-coverage="100% (2/2)">
							<conditions>
								<condition number="0" type="jump" coverage="100%"/>
							</conditions>
						</line>
						<line number="52" hits="388" branch="false"/>
						<line number="53" hits="251" branch="false"/>
						<line number="56" hits="0" branch="false"/>
						<line number="59" hits="0" branch="false"/>
					</lines>
				</class>
			</classes>
		</package>
	</packages>
</coverage>
